This is pdfTeX, Version 3.14159265-2.6-1.40.19 (TeX Live 2018) (preloaded format=pdflatex 2018.4.16)  5 APR 2020 08:48
entering extended mode
 restricted \write18 enabled.
 %&-line parsing enabled.
**trmm_llnn_unb_var1.tex
(./trmm_llnn_unb_var1.tex
LaTeX2e <2018-04-01> patch level 2
Babel <3.18> and hyphenation patterns for 84 language(s) loaded.
(/usr/local/texlive/2018/texmf-dist/tex/latex/base/article.cls
Document Class: article 2014/09/29 v1.4h Standard LaTeX document class
(/usr/local/texlive/2018/texmf-dist/tex/latex/base/size12.clo
File: size12.clo 2014/09/29 v1.4h Standard LaTeX file (size option)
)
\c@part=\count80
\c@section=\count81
\c@subsection=\count82
\c@subsubsection=\count83
\c@paragraph=\count84
\c@subparagraph=\count85
\c@figure=\count86
\c@table=\count87
\abovecaptionskip=\skip41
\belowcaptionskip=\skip42
\bibindent=\dimen102
)
(/usr/local/texlive/2018/texmf-dist/tex/latex/amsfonts/amssymb.sty
Package: amssymb 2013/01/14 v3.01 AMS font symbols

(/usr/local/texlive/2018/texmf-dist/tex/latex/amsfonts/amsfonts.sty
Package: amsfonts 2013/01/14 v3.01 Basic AMSFonts support
\@emptytoks=\toks14
\symAMSa=\mathgroup4
\symAMSb=\mathgroup5
LaTeX Font Info:    Overwriting math alphabet `\mathfrak' in version `bold'
(Font)                  U/euf/m/n --> U/euf/b/n on input line 106.
))
(/usr/local/texlive/2018/texmf-dist/tex/latex/base/ifthen.sty
Package: ifthen 2014/09/29 v1.1c Standard LaTeX ifthen package (DPC)
)
(/usr/local/texlive/2018/texmf-dist/tex/latex/xcolor/xcolor.sty
Package: xcolor 2016/05/11 v2.12 LaTeX color extensions (UK)

(/usr/local/texlive/2018/texmf-dist/tex/latex/graphics-cfg/color.cfg
File: color.cfg 2016/01/02 v1.6 sample color configuration
)
Package xcolor Info: Driver file: pdftex.def on input line 225.

(/usr/local/texlive/2018/texmf-dist/tex/latex/graphics-def/pdftex.def
File: pdftex.def 2018/01/08 v1.0l Graphics/color driver for pdftex
)
(/usr/local/texlive/2018/texmf-dist/tex/latex/colortbl/colortbl.sty
Package: colortbl 2012/02/13 v1.0a Color table columns (DPC)

(/usr/local/texlive/2018/texmf-dist/tex/latex/tools/array.sty
Package: array 2018/04/07 v2.4g Tabular extension package (FMi)
\col@sep=\dimen103
\ar@mcellbox=\box26
\extrarowheight=\dimen104
\NC@list=\toks15
\extratabsurround=\skip43
\backup@length=\skip44
\ar@cellbox=\box27
)
\everycr=\toks16
\minrowclearance=\skip45
)
\rownum=\count88
Package xcolor Info: Model `cmy' substituted by `cmy0' on input line 1348.
Package xcolor Info: Model `hsb' substituted by `rgb' on input line 1352.
Package xcolor Info: Model `RGB' extended on input line 1364.
Package xcolor Info: Model `HTML' substituted by `rgb' on input line 1366.
Package xcolor Info: Model `Hsb' substituted by `hsb' on input line 1367.
Package xcolor Info: Model `tHsb' substituted by `hsb' on input line 1368.
Package xcolor Info: Model `HSB' substituted by `hsb' on input line 1369.
Package xcolor Info: Model `Gray' substituted by `gray' on input line 1370.
Package xcolor Info: Model `wave' substituted by `hsb' on input line 1371.
)
(/usr/local/texlive/2018/texmf-dist/tex/latex/minitoc/minitoc.sty
Package: minitoc 2015/07/13 v61 Package minitoc

(/usr/local/texlive/2018/texmf-dist/tex/latex/minitoc/mtcmess.sty
Package: mtcmess 2006/03/14
)
Package minitoc Info: I0001
(minitoc)             *** minitoc package, version 61 ***.
\tf@mtc=\write3
\mtcindent=\skip46
\mtcskipamount=\skip47
Package minitoc Info: I0005
(minitoc)             compatible with hyperref.
Package minitoc Info: I0023
(minitoc)             part level macros available.
Package minitoc Info: I0004
(minitoc)             chapter level macros NOT available.
Package minitoc Info: I0028
(minitoc)             section level macros available.
\mtc@toks=\toks17
\mtc@strutbox=\box28
\mtc@hstrutbox=\box29
Package minitoc Info: I0002
(minitoc)             Autoconfiguration of extensions.
\openout3 = `trmm_llnn_unb_var1.mtc0'.

\openout3 = `trmm_llnn_unb_var1.mtc'.


(./trmm_llnn_unb_var1.mtc0)
Package minitoc Info: I0012
(minitoc)             Long extensions (Unix-like) will be used.
Package minitoc Info: I0031
(minitoc)             ==> this version is configured for UNIX-like 
(minitoc)                 (long extensions) file names.
\openout3 = `trmm_llnn_unb_var1.mtc'.

\openout3 = `trmm_llnn_unb_var1.mtc0'.

\c@ptc=\count89
\c@parttocdepth=\count90
\ptcindent=\skip48
\c@stc=\count91
\c@secttocdepth=\count92
\stcindent=\skip49
Package minitoc Info: I0010
(minitoc)             The english language is selected.
(minitoc)              on input line 4909.

(/usr/local/texlive/2018/texmf-dist/tex/latex/minitoc/english.mld
File: english.mld 2006/01/13
)
(/usr/local/texlive/2018/texmf-dist/tex/latex/minitoc/english.mld
File: english.mld 2006/01/13
))
(./color_flatex.tex
\savedwidth=\skip50
\c@WSStep=\count93
) (./trmm_llnn_unb_var1.aux)
\openout1 = `trmm_llnn_unb_var1.aux'.

LaTeX Font Info:    Checking defaults for OML/cmm/m/it on input line 27.
LaTeX Font Info:    ... okay on input line 27.
LaTeX Font Info:    Checking defaults for T1/cmr/m/n on input line 27.
LaTeX Font Info:    ... okay on input line 27.
LaTeX Font Info:    Checking defaults for OT1/cmr/m/n on input line 27.
LaTeX Font Info:    ... okay on input line 27.
LaTeX Font Info:    Checking defaults for OMS/cmsy/m/n on input line 27.
LaTeX Font Info:    ... okay on input line 27.
LaTeX Font Info:    Checking defaults for OMX/cmex/m/n on input line 27.
LaTeX Font Info:    ... okay on input line 27.
LaTeX Font Info:    Checking defaults for U/cmr/m/n on input line 27.
LaTeX Font Info:    ... okay on input line 27.

(/usr/local/texlive/2018/texmf-dist/tex/context/base/mkii/supp-pdf.mkii
[Loading MPS to PDF converter (version 2006.09.02).]
\scratchcounter=\count94
\scratchdimen=\dimen105
\scratchbox=\box30
\nofMPsegments=\count95
\nofMParguments=\count96
\everyMPshowfont=\toks18
\MPscratchCnt=\count97
\MPscratchDim=\dimen106
\MPnumerator=\count98
\makeMPintoPDFobject=\count99
\everyMPtoPDFconversion=\toks19
)
Package minitoc(hints) Info: I0049
(minitoc(hints))             ==> You requested the hints option. 
(minitoc(hints))             Some hints are eventually given below.
LaTeX Font Info:    Try loading font information for U+msa on input line 223.
 (/usr/local/texlive/2018/texmf-dist/tex/latex/amsfonts/umsa.fd
File: umsa.fd 2013/01/14 v3.01 AMS symbols A
)
LaTeX Font Info:    Try loading font information for U+msb on input line 223.

(/usr/local/texlive/2018/texmf-dist/tex/latex/amsfonts/umsb.fd
File: umsb.fd 2013/01/14 v3.01 AMS symbols B
)
Overfull \hbox (1.8878pt too wide) in paragraph at lines 223--223
[]|$[]$| 
 []


Overfull \hbox (11.22115pt too wide) in paragraph at lines 223--223
[]|$[]$| 
 []


Overfull \hbox (11.22115pt too wide) in paragraph at lines 223--223
[]|$[]$| 
 []


Overfull \hbox (11.22115pt too wide) in paragraph at lines 223--223
[]|$[]$| 
 []


Overfull \hbox (11.22115pt too wide) in paragraph at lines 223--223
[]|$[]$| 
 []


Overfull \hbox (11.22115pt too wide) in paragraph at lines 223--223
[]|$[]$| 
 []


Overfull \hbox (11.22115pt too wide) in paragraph at lines 223--223
[]|$[]$| 
 []


Overfull \hbox (1.8878pt too wide) in paragraph at lines 223--223
[]|$[]$| 
 []

[1

{/usr/local/texlive/2018/texmf-var/fonts/map/pdftex/updmap/pdftex.map}]
Overfull \hbox (1.8878pt too wide) in paragraph at lines 230--230
[]|$[]$| 
 []


Overfull \hbox (11.22115pt too wide) in paragraph at lines 230--230
[]|$[]$| 
 []


Overfull \hbox (11.22115pt too wide) in paragraph at lines 230--230
[]|$[]$| 
 []


Overfull \hbox (11.22115pt too wide) in paragraph at lines 230--230
[]|$[]$| 
 []


Overfull \hbox (11.22115pt too wide) in paragraph at lines 230--230
[]|$[]$| 
 []


Overfull \hbox (11.22115pt too wide) in paragraph at lines 230--230
[]|$[]$| 
 []


Overfull \hbox (11.22115pt too wide) in paragraph at lines 230--230
[]|$[]$| 
 []


Overfull \hbox (1.8878pt too wide) in paragraph at lines 230--230
[]|$[]$| 
 []


Overfull \hbox (1.8878pt too wide) in paragraph at lines 236--236
[]|$[]$| 
 []


Overfull \hbox (11.22115pt too wide) in paragraph at lines 236--236
[]|$[]$| 
 []


Overfull \hbox (11.22115pt too wide) in paragraph at lines 236--236
[]|$[]$| 
 []


Overfull \hbox (11.22115pt too wide) in paragraph at lines 236--236
[]|$[]$| 
 []


Overfull \hbox (11.22115pt too wide) in paragraph at lines 236--236
[]|$[]$| 
 []


Overfull \hbox (11.22115pt too wide) in paragraph at lines 236--236
[]|$[]$| 
 []


Overfull \hbox (11.22115pt too wide) in paragraph at lines 236--236
[]|$[]$| 
 []


Overfull \hbox (1.8878pt too wide) in paragraph at lines 236--236
[]|$[]$| 
 []


Overfull \hbox (1.8878pt too wide) in paragraph at lines 242--242
[]|$[]$| 
 []


Overfull \hbox (11.22115pt too wide) in paragraph at lines 242--242
[]|$[]$| 
 []


Overfull \hbox (11.22115pt too wide) in paragraph at lines 242--242
[]|$[]$| 
 []


Overfull \hbox (11.22115pt too wide) in paragraph at lines 242--242
[]|$[]$| 
 []


Overfull \hbox (11.22115pt too wide) in paragraph at lines 242--242
[]|$[]$| 
 []


Overfull \hbox (11.22115pt too wide) in paragraph at lines 242--242
[]|$[]$| 
 []


Overfull \hbox (11.22115pt too wide) in paragraph at lines 242--242
[]|$[]$| 
 []


Overfull \hbox (1.8878pt too wide) in paragraph at lines 242--242
[]|$[]$| 
 []


Overfull \hbox (1.8878pt too wide) in paragraph at lines 248--248
[]|$[]$| 
 []


Overfull \hbox (11.22115pt too wide) in paragraph at lines 248--248
[]|$[]$| 
 []


Overfull \hbox (11.22115pt too wide) in paragraph at lines 248--248
[]|$[]$| 
 []


Overfull \hbox (11.22115pt too wide) in paragraph at lines 248--248
[]|$[]$| 
 []


Overfull \hbox (11.22115pt too wide) in paragraph at lines 248--248
[]|$[]$| 
 []


Overfull \hbox (11.22115pt too wide) in paragraph at lines 248--248
[]|$[]$| 
 []


Overfull \hbox (11.22115pt too wide) in paragraph at lines 248--248
[]|$[]$| 
 []


Overfull \hbox (1.8878pt too wide) in paragraph at lines 248--248
[]|$[]$| 
 []


Overfull \hbox (1.8878pt too wide) in paragraph at lines 254--254
[]|$[]$| 
 []


Overfull \hbox (11.22115pt too wide) in paragraph at lines 254--254
[]|$[]$| 
 []


Overfull \hbox (11.22115pt too wide) in paragraph at lines 254--254
[]|$[]$| 
 []


Overfull \hbox (11.22115pt too wide) in paragraph at lines 254--254
[]|$[]$| 
 []


Overfull \hbox (11.22115pt too wide) in paragraph at lines 254--254
[]|$[]$| 
 []


Overfull \hbox (11.22115pt too wide) in paragraph at lines 254--254
[]|$[]$| 
 []


Overfull \hbox (11.22115pt too wide) in paragraph at lines 254--254
[]|$[]$| 
 []


Overfull \hbox (1.8878pt too wide) in paragraph at lines 254--254
[]|$[]$| 
 []


Overfull \hbox (1.8878pt too wide) in paragraph at lines 260--260
[]|$[]$| 
 []


Overfull \hbox (11.22115pt too wide) in paragraph at lines 260--260
[]|$[]$| 
 []


Overfull \hbox (11.22115pt too wide) in paragraph at lines 260--260
[]|$[]$| 
 []


Overfull \hbox (11.22115pt too wide) in paragraph at lines 260--260
[]|$[]$| 
 []


Overfull \hbox (11.22115pt too wide) in paragraph at lines 260--260
[]|$[]$| 
 []


Overfull \hbox (11.22115pt too wide) in paragraph at lines 260--260
[]|$[]$| 
 []


Overfull \hbox (11.22115pt too wide) in paragraph at lines 260--260
[]|$[]$| 
 []


Overfull \hbox (1.8878pt too wide) in paragraph at lines 260--260
[]|$[]$| 
 []


Overfull \hbox (1.8878pt too wide) in paragraph at lines 266--266
[]|$[]$| 
 []


Overfull \hbox (11.22115pt too wide) in paragraph at lines 266--266
[]|$[]$| 
 []


Overfull \hbox (11.22115pt too wide) in paragraph at lines 266--266
[]|$[]$| 
 []


Overfull \hbox (11.22115pt too wide) in paragraph at lines 266--266
[]|$[]$| 
 []


Overfull \hbox (11.22115pt too wide) in paragraph at lines 266--266
[]|$[]$| 
 []


Overfull \hbox (11.22115pt too wide) in paragraph at lines 266--266
[]|$[]$| 
 []


Overfull \hbox (11.22115pt too wide) in paragraph at lines 266--266
[]|$[]$| 
 []


Overfull \hbox (1.8878pt too wide) in paragraph at lines 266--266
[]|$[]$| 
 []


Overfull \hbox (1.8878pt too wide) in paragraph at lines 272--272
[]|$[]$| 
 []


Overfull \hbox (11.22115pt too wide) in paragraph at lines 272--272
[]|$[]$| 
 []


Overfull \hbox (11.22115pt too wide) in paragraph at lines 272--272
[]|$[]$| 
 []


Overfull \hbox (11.22115pt too wide) in paragraph at lines 272--272
[]|$[]$| 
 []


Overfull \hbox (11.22115pt too wide) in paragraph at lines 272--272
[]|$[]$| 
 []


Overfull \hbox (11.22115pt too wide) in paragraph at lines 272--272
[]|$[]$| 
 []


Overfull \hbox (11.22115pt too wide) in paragraph at lines 272--272
[]|$[]$| 
 []


Overfull \hbox (1.8878pt too wide) in paragraph at lines 272--272
[]|$[]$| 
 []


Overfull \hbox (1.8878pt too wide) in paragraph at lines 278--278
[]|$[]$| 
 []


Overfull \hbox (11.22115pt too wide) in paragraph at lines 278--278
[]|$[]$| 
 []


Overfull \hbox (11.22115pt too wide) in paragraph at lines 278--278
[]|$[]$| 
 []


Overfull \hbox (11.22115pt too wide) in paragraph at lines 278--278
[]|$[]$| 
 []


Overfull \hbox (11.22115pt too wide) in paragraph at lines 278--278
[]|$[]$| 
 []


Overfull \hbox (11.22115pt too wide) in paragraph at lines 278--278
[]|$[]$| 
 []


Overfull \hbox (11.22115pt too wide) in paragraph at lines 278--278
[]|$[]$| 
 []


Overfull \hbox (1.8878pt too wide) in paragraph at lines 278--278
[]|$[]$| 
 []


Overfull \hbox (1.8878pt too wide) in paragraph at lines 284--284
[]|$[]$| 
 []


Overfull \hbox (11.22115pt too wide) in paragraph at lines 284--284
[]|$[]$| 
 []


Overfull \hbox (11.22115pt too wide) in paragraph at lines 284--284
[]|$[]$| 
 []


Overfull \hbox (11.22115pt too wide) in paragraph at lines 284--284
[]|$[]$| 
 []


Overfull \hbox (11.22115pt too wide) in paragraph at lines 284--284
[]|$[]$| 
 []


Overfull \hbox (11.22115pt too wide) in paragraph at lines 284--284
[]|$[]$| 
 []


Overfull \hbox (11.22115pt too wide) in paragraph at lines 284--284
[]|$[]$| 
 []


Overfull \hbox (1.8878pt too wide) in paragraph at lines 284--284
[]|$[]$| 
 []

Package minitoc Info: I0009
(minitoc)             Listing minitoc auxiliary files. 
(minitoc)             Creating the trmm_llnn_unb_var1.maf file.
\openout3 = `trmm_llnn_unb_var1.maf'.

Package minitoc(hints) Info: I0019
(minitoc(hints))             No hints have been written 
(minitoc(hints))             in the trmm_llnn_unb_var1.log file..
[2] [3] [4] [5] [6] [7] [8] [9] [10] [11] [12] (./trmm_llnn_unb_var1.aux) ) 
Here is how much of TeX's memory you used:
 3310 strings out of 492649
 42281 string characters out of 6129622
 309107 words of memory out of 5000000
 7013 multiletter control sequences out of 15000+600000
 8285 words of font info for 32 fonts, out of 8000000 for 9000
 1141 hyphenation exceptions out of 8191
 41i,29n,35p,183b,427s stack positions out of 5000i,500n,10000p,200000b,80000s
</us
r/local/texlive/2018/texmf-dist/fonts/type1/public/amsfonts/cm/cmex10.pfb></usr
/local/texlive/2018/texmf-dist/fonts/type1/public/amsfonts/cm/cmmi12.pfb></usr/
local/texlive/2018/texmf-dist/fonts/type1/public/amsfonts/cm/cmmi8.pfb></usr/lo
cal/texlive/2018/texmf-dist/fonts/type1/public/amsfonts/cm/cmr12.pfb></usr/loca
l/texlive/2018/texmf-dist/fonts/type1/public/amsfonts/cm/cmr8.pfb></usr/local/t
exlive/2018/texmf-dist/fonts/type1/public/amsfonts/cm/cmsy10.pfb>
Output written on trmm_llnn_unb_var1.pdf (12 pages, 95995 bytes).
PDF statistics:
 67 PDF objects out of 1000 (max. 8388607)
 46 compressed objects within 1 object stream
 0 named destinations out of 1000 (max. 500000)
 1 words of extra memory for PDF output out of 10000 (max. 10000000)

